07-Dec-2023 18:16:30.246 정보 [main] org.apache.catalina.startup.VersionLoggerListener.log 서버 버전 이름:    Apache Tomcat/10.1.16
07-Dec-2023 18:16:30.249 정보 [main] org.apache.catalina.startup.VersionLoggerListener.log Server 빌드 시각:  Nov 10 2023 16:17:33 UTC
07-Dec-2023 18:16:30.249 정보 [main] org.apache.catalina.startup.VersionLoggerListener.log Server 버전 번호:  10.1.16.0
07-Dec-2023 18:16:30.249 정보 [main] org.apache.catalina.startup.VersionLoggerListener.log 운영체제 이름:     Windows 11
07-Dec-2023 18:16:30.249 정보 [main] org.apache.catalina.startup.VersionLoggerListener.log 운영체제 버전:     10.0
07-Dec-2023 18:16:30.250 정보 [main] org.apache.catalina.startup.VersionLoggerListener.log 아키텍처:          amd64
07-Dec-2023 18:16:30.250 정보 [main] org.apache.catalina.startup.VersionLoggerListener.log 자바 홈:           C:\Users\yik01\.jdks\corretto-17.0.9
07-Dec-2023 18:16:30.250 정보 [main] org.apache.catalina.startup.VersionLoggerListener.log JVM 버전:          17.0.9+8-LTS
07-Dec-2023 18:16:30.250 정보 [main] org.apache.catalina.startup.VersionLoggerListener.log JVM 벤더:          Amazon.com Inc.
07-Dec-2023 18:16:30.250 정보 [main] org.apache.catalina.startup.VersionLoggerListener.log CATALINA_BASE:     C:\dev\BangTong\JSP\JSP_Board
07-Dec-2023 18:16:30.250 정보 [main] org.apache.catalina.startup.VersionLoggerListener.log CATALINA_HOME:     C:\dev\tomcat\apache-tomcat-10.1.16
07-Dec-2023 18:16:30.256 정보 [main] org.apache.catalina.startup.VersionLoggerListener.log 명령 행 아규먼트:  --add-opens=java.base/java.lang=ALL-UNNAMED
07-Dec-2023 18:16:30.256 정보 [main] org.apache.catalina.startup.VersionLoggerListener.log 명령 행 아규먼트:  --add-opens=java.base/java.io=ALL-UNNAMED
07-Dec-2023 18:16:30.256 정보 [main] org.apache.catalina.startup.VersionLoggerListener.log 명령 행 아규먼트:  --add-opens=java.base/java.util=ALL-UNNAMED
07-Dec-2023 18:16:30.256 정보 [main] org.apache.catalina.startup.VersionLoggerListener.log 명령 행 아규먼트:  --add-opens=java.base/java.util.concurrent=ALL-UNNAMED
07-Dec-2023 18:16:30.256 정보 [main] org.apache.catalina.startup.VersionLoggerListener.log 명령 행 아규먼트:  --add-opens=java.rmi/sun.rmi.transport=ALL-UNNAMED
07-Dec-2023 18:16:30.256 정보 [main] org.apache.catalina.startup.VersionLoggerListener.log 명령 행 아규먼트:  -Dcatalina.home=C:\dev\tomcat\apache-tomcat-10.1.16
07-Dec-2023 18:16:30.257 정보 [main] org.apache.catalina.startup.VersionLoggerListener.log 명령 행 아규먼트:  -Dcatalina.base=C:\dev\BangTong\JSP\JSP_Board
07-Dec-2023 18:16:30.257 정보 [main] org.apache.catalina.startup.VersionLoggerListener.log 명령 행 아규먼트:  -Djava.io.tmpdir=C:\dev\BangTong\JSP\JSP_Board\temp
07-Dec-2023 18:16:30.257 정보 [main] org.apache.catalina.startup.VersionLoggerListener.log 명령 행 아규먼트:  -Djava.util.logging.config.file=C:\dev\BangTong\JSP\JSP_Board\conf\logging.properties
07-Dec-2023 18:16:30.257 정보 [main] org.apache.catalina.startup.VersionLoggerListener.log 명령 행 아규먼트:  -Djava.util.logging.manager=org.apache.juli.ClassLoaderLogManager
07-Dec-2023 18:16:30.257 정보 [main] org.apache.catalina.startup.VersionLoggerListener.log 명령 행 아규먼트:  -javaagent:C:\Program Files\JetBrains\IntelliJ IDEA 2023.2.5\lib\idea_rt.jar=55306:C:\Program Files\JetBrains\IntelliJ IDEA 2023.2.5\bin
07-Dec-2023 18:16:30.257 정보 [main] org.apache.catalina.startup.VersionLoggerListener.log 명령 행 아규먼트:  -Dfile.encoding=UTF-8
07-Dec-2023 18:16:30.288 정보 [main] org.apache.catalina.core.AprLifecycleListener.lifecycleEvent APR 버전 [1.7.4]을(를) 사용한, APR 기반 Apache Tomcat Native 라이브러리 [2.0.6]을(를) 로드했습니다.
07-Dec-2023 18:16:30.312 정보 [main] org.apache.catalina.core.AprLifecycleListener.initializeSSL OpenSSL이 성공적으로 초기화되었습니다: [OpenSSL 3.0.11 19 Sep 2023]
07-Dec-2023 18:16:30.486 정보 [main] org.apache.coyote.AbstractProtocol.init 프로토콜 핸들러 ["http-nio-8081"]을(를) 초기화합니다.
07-Dec-2023 18:16:30.507 정보 [main] org.apache.catalina.startup.Catalina.load [446] 밀리초 내에 서버가 초기화되었습니다.
07-Dec-2023 18:16:30.567 정보 [main] org.apache.catalina.core.StandardService.startInternal 서비스 [Catalina]을(를) 시작합니다.
07-Dec-2023 18:16:30.567 정보 [main] org.apache.catalina.core.StandardEngine.startInternal 서버 엔진을 시작합니다: [Apache Tomcat/10.1.16]
07-Dec-2023 18:16:30.585 정보 [main] org.apache.catalina.startup.HostConfig.deployDescriptor 배치 descriptor [C:\dev\BangTong\JSP\JSP_Board\conf\Catalina\localhost\ROOT.xml]을(를) 배치합니다.
07-Dec-2023 18:16:31.046 정보 [main] org.apache.catalina.startup.HostConfig.deployDescriptor 배치 descriptor [C:\dev\BangTong\JSP\JSP_Board\conf\Catalina\localhost\ROOT.xml]의 배치가 [460] 밀리초 내에 완료되었습니다.
07-Dec-2023 18:16:31.051 정보 [main] org.apache.coyote.AbstractProtocol.start 프로토콜 핸들러 ["http-nio-8081"]을(를) 시작합니다.
07-Dec-2023 18:16:31.123 정보 [main] org.apache.catalina.startup.Catalina.start 서버가 [616] 밀리초 내에 시작되었습니다.
