11-Dec-2023 19:40:54.194 정보 [main] org.apache.catalina.startup.VersionLoggerListener.log 서버 버전 이름:    Apache Tomcat/10.1.16
11-Dec-2023 19:40:54.197 정보 [main] org.apache.catalina.startup.VersionLoggerListener.log Server 빌드 시각:  Nov 10 2023 16:17:33 UTC
11-Dec-2023 19:40:54.197 정보 [main] org.apache.catalina.startup.VersionLoggerListener.log Server 버전 번호:  10.1.16.0
11-Dec-2023 19:40:54.198 정보 [main] org.apache.catalina.startup.VersionLoggerListener.log 운영체제 이름:     Windows 11
11-Dec-2023 19:40:54.198 정보 [main] org.apache.catalina.startup.VersionLoggerListener.log 운영체제 버전:     10.0
11-Dec-2023 19:40:54.198 정보 [main] org.apache.catalina.startup.VersionLoggerListener.log 아키텍처:          amd64
11-Dec-2023 19:40:54.198 정보 [main] org.apache.catalina.startup.VersionLoggerListener.log 자바 홈:           C:\Users\yik01\.jdks\corretto-17.0.9
11-Dec-2023 19:40:54.198 정보 [main] org.apache.catalina.startup.VersionLoggerListener.log JVM 버전:          17.0.9+8-LTS
11-Dec-2023 19:40:54.198 정보 [main] org.apache.catalina.startup.VersionLoggerListener.log JVM 벤더:          Amazon.com Inc.
11-Dec-2023 19:40:54.198 정보 [main] org.apache.catalina.startup.VersionLoggerListener.log CATALINA_BASE:     C:\dev\BangTong\JSP\JSP_Board
11-Dec-2023 19:40:54.198 정보 [main] org.apache.catalina.startup.VersionLoggerListener.log CATALINA_HOME:     C:\dev\tomcat\apache-tomcat-10.1.16
11-Dec-2023 19:40:54.205 정보 [main] org.apache.catalina.startup.VersionLoggerListener.log 명령 행 아규먼트:  --add-opens=java.base/java.lang=ALL-UNNAMED
11-Dec-2023 19:40:54.205 정보 [main] org.apache.catalina.startup.VersionLoggerListener.log 명령 행 아규먼트:  --add-opens=java.base/java.io=ALL-UNNAMED
11-Dec-2023 19:40:54.205 정보 [main] org.apache.catalina.startup.VersionLoggerListener.log 명령 행 아규먼트:  --add-opens=java.base/java.util=ALL-UNNAMED
11-Dec-2023 19:40:54.205 정보 [main] org.apache.catalina.startup.VersionLoggerListener.log 명령 행 아규먼트:  --add-opens=java.base/java.util.concurrent=ALL-UNNAMED
11-Dec-2023 19:40:54.206 정보 [main] org.apache.catalina.startup.VersionLoggerListener.log 명령 행 아규먼트:  --add-opens=java.rmi/sun.rmi.transport=ALL-UNNAMED
11-Dec-2023 19:40:54.206 정보 [main] org.apache.catalina.startup.VersionLoggerListener.log 명령 행 아규먼트:  -Dcatalina.home=C:\dev\tomcat\apache-tomcat-10.1.16
11-Dec-2023 19:40:54.206 정보 [main] org.apache.catalina.startup.VersionLoggerListener.log 명령 행 아규먼트:  -Dcatalina.base=C:\dev\BangTong\JSP\JSP_Board
11-Dec-2023 19:40:54.206 정보 [main] org.apache.catalina.startup.VersionLoggerListener.log 명령 행 아규먼트:  -Djava.io.tmpdir=C:\dev\BangTong\JSP\JSP_Board\temp
11-Dec-2023 19:40:54.206 정보 [main] org.apache.catalina.startup.VersionLoggerListener.log 명령 행 아규먼트:  -Djava.util.logging.config.file=C:\dev\BangTong\JSP\JSP_Board\conf\logging.properties
11-Dec-2023 19:40:54.206 정보 [main] org.apache.catalina.startup.VersionLoggerListener.log 명령 행 아규먼트:  -Djava.util.logging.manager=org.apache.juli.ClassLoaderLogManager
11-Dec-2023 19:40:54.206 정보 [main] org.apache.catalina.startup.VersionLoggerListener.log 명령 행 아규먼트:  -javaagent:C:\Program Files\JetBrains\IntelliJ IDEA 2023.2.5\lib\idea_rt.jar=49171:C:\Program Files\JetBrains\IntelliJ IDEA 2023.2.5\bin
11-Dec-2023 19:40:54.206 정보 [main] org.apache.catalina.startup.VersionLoggerListener.log 명령 행 아규먼트:  -Dfile.encoding=UTF-8
11-Dec-2023 19:40:54.244 정보 [main] org.apache.catalina.core.AprLifecycleListener.lifecycleEvent APR 버전 [1.7.4]을(를) 사용한, APR 기반 Apache Tomcat Native 라이브러리 [2.0.6]을(를) 로드했습니다.
11-Dec-2023 19:40:54.272 정보 [main] org.apache.catalina.core.AprLifecycleListener.initializeSSL OpenSSL이 성공적으로 초기화되었습니다: [OpenSSL 3.0.11 19 Sep 2023]
11-Dec-2023 19:40:54.467 정보 [main] org.apache.coyote.AbstractProtocol.init 프로토콜 핸들러 ["http-nio-8081"]을(를) 초기화합니다.
11-Dec-2023 19:40:54.484 정보 [main] org.apache.catalina.startup.Catalina.load [481] 밀리초 내에 서버가 초기화되었습니다.
11-Dec-2023 19:40:54.537 정보 [main] org.apache.catalina.core.StandardService.startInternal 서비스 [Catalina]을(를) 시작합니다.
11-Dec-2023 19:40:54.538 정보 [main] org.apache.catalina.core.StandardEngine.startInternal 서버 엔진을 시작합니다: [Apache Tomcat/10.1.16]
11-Dec-2023 19:40:54.551 정보 [main] org.apache.catalina.startup.HostConfig.deployDescriptor 배치 descriptor [C:\dev\BangTong\JSP\JSP_Board\conf\Catalina\localhost\ROOT.xml]을(를) 배치합니다.
11-Dec-2023 19:40:55.126 정보 [main] org.apache.catalina.startup.HostConfig.deployDescriptor 배치 descriptor [C:\dev\BangTong\JSP\JSP_Board\conf\Catalina\localhost\ROOT.xml]의 배치가 [573] 밀리초 내에 완료되었습니다.
11-Dec-2023 19:40:55.129 정보 [main] org.apache.coyote.AbstractProtocol.start 프로토콜 핸들러 ["http-nio-8081"]을(를) 시작합니다.
11-Dec-2023 19:40:55.222 정보 [main] org.apache.catalina.startup.Catalina.start 서버가 [736] 밀리초 내에 시작되었습니다.
11-Dec-2023 19:57:36.277 정보 [Catalina-utility-1] org.apache.catalina.core.StandardContext.reload 이름이 []인 컨텍스트를 다시 로드하는 작업이 시작되었습니다.
11-Dec-2023 19:57:36.315 정보 [Catalina-utility-1] org.apache.catalina.core.StandardContext.reload 이름이 []인 컨텍스트를 다시 로드하는 것을 완료했습니다.
11-Dec-2023 20:22:09.482 정보 [Thread-1] org.apache.coyote.AbstractProtocol.pause 프로토콜 핸들러 ["http-nio-8081"]을(를) 일시 정지 중
11-Dec-2023 20:22:09.502 정보 [Thread-1] org.apache.catalina.core.StandardService.stopInternal 서비스 [Catalina]을(를) 중지시킵니다.
11-Dec-2023 20:22:09.505 정보 [Thread-1] org.apache.coyote.AbstractProtocol.stop 프로토콜 핸들러 ["http-nio-8081"]을(를) 중지시킵니다.
11-Dec-2023 20:22:09.508 정보 [Thread-1] org.apache.coyote.AbstractProtocol.destroy 프로토콜 핸들러 ["http-nio-8081"]을(를) 소멸시킵니다.
11-Dec-2023 20:22:12.041 정보 [main] org.apache.catalina.startup.VersionLoggerListener.log 서버 버전 이름:    Apache Tomcat/10.1.16
11-Dec-2023 20:22:12.046 정보 [main] org.apache.catalina.startup.VersionLoggerListener.log Server 빌드 시각:  Nov 10 2023 16:17:33 UTC
11-Dec-2023 20:22:12.046 정보 [main] org.apache.catalina.startup.VersionLoggerListener.log Server 버전 번호:  10.1.16.0
11-Dec-2023 20:22:12.046 정보 [main] org.apache.catalina.startup.VersionLoggerListener.log 운영체제 이름:     Windows 11
11-Dec-2023 20:22:12.046 정보 [main] org.apache.catalina.startup.VersionLoggerListener.log 운영체제 버전:     10.0
11-Dec-2023 20:22:12.047 정보 [main] org.apache.catalina.startup.VersionLoggerListener.log 아키텍처:          amd64
11-Dec-2023 20:22:12.047 정보 [main] org.apache.catalina.startup.VersionLoggerListener.log 자바 홈:           C:\Users\yik01\.jdks\corretto-17.0.9
11-Dec-2023 20:22:12.047 정보 [main] org.apache.catalina.startup.VersionLoggerListener.log JVM 버전:          17.0.9+8-LTS
11-Dec-2023 20:22:12.047 정보 [main] org.apache.catalina.startup.VersionLoggerListener.log JVM 벤더:          Amazon.com Inc.
11-Dec-2023 20:22:12.047 정보 [main] org.apache.catalina.startup.VersionLoggerListener.log CATALINA_BASE:     C:\dev\BangTong\JSP\JSP_Board
11-Dec-2023 20:22:12.047 정보 [main] org.apache.catalina.startup.VersionLoggerListener.log CATALINA_HOME:     C:\dev\tomcat\apache-tomcat-10.1.16
11-Dec-2023 20:22:12.058 정보 [main] org.apache.catalina.startup.VersionLoggerListener.log 명령 행 아규먼트:  --add-opens=java.base/java.lang=ALL-UNNAMED
11-Dec-2023 20:22:12.058 정보 [main] org.apache.catalina.startup.VersionLoggerListener.log 명령 행 아규먼트:  --add-opens=java.base/java.io=ALL-UNNAMED
11-Dec-2023 20:22:12.059 정보 [main] org.apache.catalina.startup.VersionLoggerListener.log 명령 행 아규먼트:  --add-opens=java.base/java.util=ALL-UNNAMED
11-Dec-2023 20:22:12.059 정보 [main] org.apache.catalina.startup.VersionLoggerListener.log 명령 행 아규먼트:  --add-opens=java.base/java.util.concurrent=ALL-UNNAMED
11-Dec-2023 20:22:12.059 정보 [main] org.apache.catalina.startup.VersionLoggerListener.log 명령 행 아규먼트:  --add-opens=java.rmi/sun.rmi.transport=ALL-UNNAMED
11-Dec-2023 20:22:12.059 정보 [main] org.apache.catalina.startup.VersionLoggerListener.log 명령 행 아규먼트:  -Dcatalina.home=C:\dev\tomcat\apache-tomcat-10.1.16
11-Dec-2023 20:22:12.059 정보 [main] org.apache.catalina.startup.VersionLoggerListener.log 명령 행 아규먼트:  -Dcatalina.base=C:\dev\BangTong\JSP\JSP_Board
11-Dec-2023 20:22:12.060 정보 [main] org.apache.catalina.startup.VersionLoggerListener.log 명령 행 아규먼트:  -Djava.io.tmpdir=C:\dev\BangTong\JSP\JSP_Board\temp
11-Dec-2023 20:22:12.060 정보 [main] org.apache.catalina.startup.VersionLoggerListener.log 명령 행 아규먼트:  -Djava.util.logging.config.file=C:\dev\BangTong\JSP\JSP_Board\conf\logging.properties
11-Dec-2023 20:22:12.060 정보 [main] org.apache.catalina.startup.VersionLoggerListener.log 명령 행 아규먼트:  -Djava.util.logging.manager=org.apache.juli.ClassLoaderLogManager
11-Dec-2023 20:22:12.060 정보 [main] org.apache.catalina.startup.VersionLoggerListener.log 명령 행 아규먼트:  -javaagent:C:\Program Files\JetBrains\IntelliJ IDEA 2023.2.5\lib\idea_rt.jar=51326:C:\Program Files\JetBrains\IntelliJ IDEA 2023.2.5\bin
11-Dec-2023 20:22:12.060 정보 [main] org.apache.catalina.startup.VersionLoggerListener.log 명령 행 아규먼트:  -Dfile.encoding=UTF-8
11-Dec-2023 20:22:12.073 정보 [main] org.apache.catalina.core.AprLifecycleListener.lifecycleEvent APR 버전 [1.7.4]을(를) 사용한, APR 기반 Apache Tomcat Native 라이브러리 [2.0.6]을(를) 로드했습니다.
11-Dec-2023 20:22:12.081 정보 [main] org.apache.catalina.core.AprLifecycleListener.initializeSSL OpenSSL이 성공적으로 초기화되었습니다: [OpenSSL 3.0.11 19 Sep 2023]
11-Dec-2023 20:22:12.292 정보 [main] org.apache.coyote.AbstractProtocol.init 프로토콜 핸들러 ["http-nio-8081"]을(를) 초기화합니다.
11-Dec-2023 20:22:12.313 정보 [main] org.apache.catalina.startup.Catalina.load [461] 밀리초 내에 서버가 초기화되었습니다.
11-Dec-2023 20:22:12.380 정보 [main] org.apache.catalina.core.StandardService.startInternal 서비스 [Catalina]을(를) 시작합니다.
11-Dec-2023 20:22:12.381 정보 [main] org.apache.catalina.core.StandardEngine.startInternal 서버 엔진을 시작합니다: [Apache Tomcat/10.1.16]
11-Dec-2023 20:22:12.400 정보 [main] org.apache.catalina.startup.HostConfig.deployDescriptor 배치 descriptor [C:\dev\BangTong\JSP\JSP_Board\conf\Catalina\localhost\ROOT.xml]을(를) 배치합니다.
11-Dec-2023 20:22:12.980 정보 [main] org.apache.catalina.startup.HostConfig.deployDescriptor 배치 descriptor [C:\dev\BangTong\JSP\JSP_Board\conf\Catalina\localhost\ROOT.xml]의 배치가 [578] 밀리초 내에 완료되었습니다.
11-Dec-2023 20:22:12.984 정보 [main] org.apache.coyote.AbstractProtocol.start 프로토콜 핸들러 ["http-nio-8081"]을(를) 시작합니다.
11-Dec-2023 20:22:13.085 정보 [main] org.apache.catalina.startup.Catalina.start 서버가 [772] 밀리초 내에 시작되었습니다.
11-Dec-2023 20:26:43.287 정보 [Catalina-utility-1] org.apache.catalina.core.StandardContext.reload 이름이 []인 컨텍스트를 다시 로드하는 작업이 시작되었습니다.
11-Dec-2023 20:26:43.339 정보 [Catalina-utility-1] org.apache.catalina.core.StandardContext.reload 이름이 []인 컨텍스트를 다시 로드하는 것을 완료했습니다.
11-Dec-2023 20:27:03.371 정보 [Catalina-utility-2] org.apache.catalina.core.StandardContext.reload 이름이 []인 컨텍스트를 다시 로드하는 작업이 시작되었습니다.
11-Dec-2023 20:27:03.408 정보 [Catalina-utility-2] org.apache.catalina.core.StandardContext.reload 이름이 []인 컨텍스트를 다시 로드하는 것을 완료했습니다.
11-Dec-2023 23:34:17.637 정보 [Thread-1] org.apache.coyote.AbstractProtocol.pause 프로토콜 핸들러 ["http-nio-8081"]을(를) 일시 정지 중
11-Dec-2023 23:34:17.663 정보 [Thread-1] org.apache.catalina.core.StandardService.stopInternal 서비스 [Catalina]을(를) 중지시킵니다.
11-Dec-2023 23:34:17.680 정보 [Thread-1] org.apache.coyote.AbstractProtocol.stop 프로토콜 핸들러 ["http-nio-8081"]을(를) 중지시킵니다.
11-Dec-2023 23:34:17.693 정보 [Thread-1] org.apache.coyote.AbstractProtocol.destroy 프로토콜 핸들러 ["http-nio-8081"]을(를) 소멸시킵니다.
